2022-12-17 21:03:27,306 [Worker-14] INFO  o.e.m.c.i.p.ProjectConfigurationManager - Collecting project info '/pom.xml' C:\TDDFramework\TDDdulavai\pom.xml
2022-12-17 21:03:28,140 [Worker-14] INFO  o.e.m.c.i.l.LifecycleMappingFactory - Using org.eclipse.m2e.jdt.JarLifecycleMapping lifecycle mapping for MavenProject: TDDdulavai:TDDdulavai:0.0.1-SNAPSHOT @ C:\TDDFramework\TDDdulavai\pom.xml.
2022-12-17 21:03:28,673 [Worker-14] INFO  o.e.m.j.i.AbstractJavaProjectConfigurator - Adding source folder /TDDdulavai/src/main/java
2022-12-17 21:03:28,676 [Worker-14] INFO  o.e.m.j.i.AbstractJavaProjectConfigurator - Adding source folder /TDDdulavai/src/test/java
2022-12-17 21:03:29,290 [Worker-14] INFO  o.e.m.c.i.p.ProjectConfigurationManager - Imported and configured 1 project(s) in 1 sec
2022-12-17 21:03:30,061 [Worker-24] INFO  o.e.m.c.i.embedder.EclipseLogger - Using 'UTF-8' encoding to copy filtered resources.
2022-12-17 21:03:30,062 [Worker-24] INFO  o.e.m.c.i.embedder.EclipseLogger - skip non existing resourceDirectory C:\TDDFramework\TDDdulavai\src\main\resources
2022-12-17 21:03:30,066 [Worker-24] INFO  o.e.m.c.i.embedder.EclipseLogger - Using 'UTF-8' encoding to copy filtered resources.
2022-12-17 21:03:30,066 [Worker-24] INFO  o.e.m.c.i.embedder.EclipseLogger - skip non existing resourceDirectory C:\TDDFramework\TDDdulavai\src\test\resources
2022-12-17 21:04:28,721 [Worker-14] INFO  o.e.m.c.i.embedder.EclipseLogger - Using 'UTF-8' encoding to copy filtered resources.
2022-12-17 21:04:28,721 [Worker-14] INFO  o.e.m.c.i.embedder.EclipseLogger - skip non existing resourceDirectory C:\TDDFramework\TDDdulavai\src\main\resources
2022-12-17 21:04:28,723 [Worker-14] INFO  o.e.m.c.i.embedder.EclipseLogger - Using 'UTF-8' encoding to copy filtered resources.
2022-12-17 21:04:28,731 [Worker-14] INFO  o.e.m.c.i.embedder.EclipseLogger - Copying 0 resource
2022-12-17 21:05:37,651 [Worker-26] INFO  o.e.m.c.i.embedder.EclipseLogger - Using 'UTF-8' encoding to copy filtered resources.
2022-12-17 21:05:37,651 [Worker-26] INFO  o.e.m.c.i.embedder.EclipseLogger - skip non existing resourceDirectory C:\TDDFramework\TDDdulavai\src\main\resources
2022-12-17 21:05:37,652 [Worker-26] INFO  o.e.m.c.i.embedder.EclipseLogger - Using 'UTF-8' encoding to copy filtered resources.
2022-12-17 21:05:37,653 [Worker-26] INFO  o.e.m.c.i.embedder.EclipseLogger - Copying 0 resource
2022-12-17 21:05:47,145 [Worker-14] INFO  o.e.m.c.i.embedder.EclipseLogger - Using 'UTF-8' encoding to copy filtered resources.
2022-12-17 21:05:47,145 [Worker-14] INFO  o.e.m.c.i.embedder.EclipseLogger - skip non existing resourceDirectory C:\TDDFramework\TDDdulavai\src\main\resources
2022-12-17 21:05:47,146 [Worker-14] INFO  o.e.m.c.i.embedder.EclipseLogger - Using 'UTF-8' encoding to copy filtered resources.
2022-12-17 21:05:47,147 [Worker-14] INFO  o.e.m.c.i.embedder.EclipseLogger - Copying 0 resource
2022-12-17 21:05:54,868 [Worker-14] INFO  o.e.m.c.i.embedder.EclipseLogger - Using 'UTF-8' encoding to copy filtered resources.
2022-12-17 21:05:54,868 [Worker-14] INFO  o.e.m.c.i.embedder.EclipseLogger - skip non existing resourceDirectory C:\TDDFramework\TDDdulavai\src\main\resources
2022-12-17 21:05:54,869 [Worker-14] INFO  o.e.m.c.i.embedder.EclipseLogger - Using 'UTF-8' encoding to copy filtered resources.
2022-12-17 21:05:54,873 [Worker-14] INFO  o.e.m.c.i.embedder.EclipseLogger - Copying 0 resource
2022-12-17 21:06:15,445 [Worker-25] INFO  o.e.m.c.i.embedder.EclipseLogger - Using 'UTF-8' encoding to copy filtered resources.
2022-12-17 21:06:15,445 [Worker-25] INFO  o.e.m.c.i.embedder.EclipseLogger - skip non existing resourceDirectory C:\TDDFramework\TDDdulavai\src\main\resources
2022-12-17 21:06:15,446 [Worker-25] INFO  o.e.m.c.i.embedder.EclipseLogger - Using 'UTF-8' encoding to copy filtered resources.
2022-12-17 21:06:15,446 [Worker-25] INFO  o.e.m.c.i.embedder.EclipseLogger - Copying 0 resource
2022-12-17 21:06:36,593 [Worker-25] INFO  o.e.m.c.i.embedder.EclipseLogger - Using 'UTF-8' encoding to copy filtered resources.
2022-12-17 21:06:36,593 [Worker-25] INFO  o.e.m.c.i.embedder.EclipseLogger - skip non existing resourceDirectory C:\TDDFramework\TDDdulavai\src\main\resources
2022-12-17 21:06:36,595 [Worker-25] INFO  o.e.m.c.i.embedder.EclipseLogger - Using 'UTF-8' encoding to copy filtered resources.
2022-12-17 21:06:36,595 [Worker-25] INFO  o.e.m.c.i.embedder.EclipseLogger - Copying 0 resource
2022-12-17 21:06:37,609 [Worker-19] INFO  o.e.m.c.i.embedder.EclipseLogger - Using 'UTF-8' encoding to copy filtered resources.
2022-12-17 21:06:37,609 [Worker-19] INFO  o.e.m.c.i.embedder.EclipseLogger - skip non existing resourceDirectory C:\TDDFramework\TDDdulavai\src\main\resources
2022-12-17 21:06:37,612 [Worker-19] INFO  o.e.m.c.i.embedder.EclipseLogger - Using 'UTF-8' encoding to copy filtered resources.
2022-12-17 21:06:37,612 [Worker-19] INFO  o.e.m.c.i.embedder.EclipseLogger - Copying 0 resource
2022-12-17 21:07:20,949 [Worker-19] INFO  o.e.m.c.i.embedder.EclipseLogger - Using 'UTF-8' encoding to copy filtered resources.
2022-12-17 21:07:20,951 [Worker-19] INFO  o.e.m.c.i.embedder.EclipseLogger - skip non existing resourceDirectory C:\TDDFramework\TDDdulavai\src\main\resources
2022-12-17 21:07:20,953 [Worker-19] INFO  o.e.m.c.i.embedder.EclipseLogger - Using 'UTF-8' encoding to copy filtered resources.
2022-12-17 21:07:20,953 [Worker-19] INFO  o.e.m.c.i.embedder.EclipseLogger - Copying 0 resource
2022-12-17 21:07:45,403 [Worker-19] INFO  o.e.m.c.i.embedder.EclipseLogger - Using 'UTF-8' encoding to copy filtered resources.
2022-12-17 21:07:45,403 [Worker-19] INFO  o.e.m.c.i.embedder.EclipseLogger - skip non existing resourceDirectory C:\TDDFramework\TDDdulavai\src\main\resources
2022-12-17 21:07:45,404 [Worker-19] INFO  o.e.m.c.i.embedder.EclipseLogger - Using 'UTF-8' encoding to copy filtered resources.
2022-12-17 21:07:45,405 [Worker-19] INFO  o.e.m.c.i.embedder.EclipseLogger - Copying 0 resource
2022-12-17 21:08:10,261 [Worker-26] INFO  o.e.m.c.i.embedder.EclipseLogger - Using 'UTF-8' encoding to copy filtered resources.
2022-12-17 21:08:10,262 [Worker-26] INFO  o.e.m.c.i.embedder.EclipseLogger - skip non existing resourceDirectory C:\TDDFramework\TDDdulavai\src\main\resources
2022-12-17 21:08:10,265 [Worker-26] INFO  o.e.m.c.i.embedder.EclipseLogger - Using 'UTF-8' encoding to copy filtered resources.
2022-12-17 21:08:10,265 [Worker-26] INFO  o.e.m.c.i.embedder.EclipseLogger - Copying 0 resource
2022-12-17 21:08:43,086 [Worker-26] INFO  o.e.m.c.i.embedder.EclipseLogger - Using 'UTF-8' encoding to copy filtered resources.
2022-12-17 21:08:43,087 [Worker-26] INFO  o.e.m.c.i.embedder.EclipseLogger - skip non existing resourceDirectory C:\TDDFramework\TDDdulavai\src\main\resources
2022-12-17 21:08:43,088 [Worker-26] INFO  o.e.m.c.i.embedder.EclipseLogger - Using 'UTF-8' encoding to copy filtered resources.
2022-12-17 21:08:43,088 [Worker-26] INFO  o.e.m.c.i.embedder.EclipseLogger - Copying 0 resource
2022-12-17 21:08:53,450 [Worker-14] INFO  o.e.m.c.i.embedder.EclipseLogger - Using 'UTF-8' encoding to copy filtered resources.
2022-12-17 21:08:53,450 [Worker-14] INFO  o.e.m.c.i.embedder.EclipseLogger - skip non existing resourceDirectory C:\TDDFramework\TDDdulavai\src\main\resources
2022-12-17 21:08:53,451 [Worker-14] INFO  o.e.m.c.i.embedder.EclipseLogger - Using 'UTF-8' encoding to copy filtered resources.
2022-12-17 21:08:53,452 [Worker-14] INFO  o.e.m.c.i.embedder.EclipseLogger - Copying 0 resource
2022-12-17 21:09:15,975 [Worker-25] INFO  o.e.m.c.i.embedder.EclipseLogger - Using 'UTF-8' encoding to copy filtered resources.
2022-12-17 21:09:15,975 [Worker-25] INFO  o.e.m.c.i.embedder.EclipseLogger - skip non existing resourceDirectory C:\TDDFramework\TDDdulavai\src\main\resources
2022-12-17 21:09:15,977 [Worker-25] INFO  o.e.m.c.i.embedder.EclipseLogger - Using 'UTF-8' encoding to copy filtered resources.
2022-12-17 21:09:15,978 [Worker-25] INFO  o.e.m.c.i.embedder.EclipseLogger - Copying 0 resource
2022-12-17 21:09:38,762 [Worker-27] INFO  o.e.m.c.i.embedder.EclipseLogger - Using 'UTF-8' encoding to copy filtered resources.
2022-12-17 21:09:38,762 [Worker-27] INFO  o.e.m.c.i.embedder.EclipseLogger - skip non existing resourceDirectory C:\TDDFramework\TDDdulavai\src\main\resources
2022-12-17 21:09:38,763 [Worker-27] INFO  o.e.m.c.i.embedder.EclipseLogger - Using 'UTF-8' encoding to copy filtered resources.
2022-12-17 21:09:38,764 [Worker-27] INFO  o.e.m.c.i.embedder.EclipseLogger - Copying 0 resource
2022-12-17 21:10:12,721 [Worker-26] INFO  o.e.m.c.i.embedder.EclipseLogger - Using 'UTF-8' encoding to copy filtered resources.
2022-12-17 21:10:12,721 [Worker-26] INFO  o.e.m.c.i.embedder.EclipseLogger - Copying 0 resource
2022-12-17 21:10:12,725 [Worker-26] INFO  o.e.m.c.i.embedder.EclipseLogger - Using 'UTF-8' encoding to copy filtered resources.
2022-12-17 21:10:12,726 [Worker-26] INFO  o.e.m.c.i.embedder.EclipseLogger - Copying 0 resource
2022-12-17 21:11:40,220 [Worker-27] INFO  o.e.m.c.i.embedder.EclipseLogger - Using 'UTF-8' encoding to copy filtered resources.
2022-12-17 21:11:40,220 [Worker-27] INFO  o.e.m.c.i.embedder.EclipseLogger - Copying 1 resource
2022-12-17 21:11:40,226 [Worker-27] INFO  o.e.m.c.i.embedder.EclipseLogger - Using 'UTF-8' encoding to copy filtered resources.
2022-12-17 21:11:40,226 [Worker-27] INFO  o.e.m.c.i.embedder.EclipseLogger - Copying 0 resource
2022-12-17 21:12:11,566 [Worker-28] INFO  o.e.m.c.i.embedder.EclipseLogger - Using 'UTF-8' encoding to copy filtered resources.
2022-12-17 21:12:11,567 [Worker-28] INFO  o.e.m.c.i.embedder.EclipseLogger - Copying 0 resource
2022-12-17 21:12:11,568 [Worker-28] INFO  o.e.m.c.i.embedder.EclipseLogger - Using 'UTF-8' encoding to copy filtered resources.
2022-12-17 21:12:11,568 [Worker-28] INFO  o.e.m.c.i.embedder.EclipseLogger - Copying 0 resource
2022-12-17 21:12:53,167 [Worker-24] INFO  o.e.m.c.i.embedder.EclipseLogger - Using 'UTF-8' encoding to copy filtered resources.
2022-12-17 21:12:53,167 [Worker-24] INFO  o.e.m.c.i.embedder.EclipseLogger - Copying 1 resource
2022-12-17 21:12:53,169 [Worker-24] INFO  o.e.m.c.i.embedder.EclipseLogger - Using 'UTF-8' encoding to copy filtered resources.
2022-12-17 21:12:53,169 [Worker-24] INFO  o.e.m.c.i.embedder.EclipseLogger - Copying 0 resource
2022-12-17 21:14:09,677 [Worker-14] INFO  o.e.m.c.i.embedder.EclipseLogger - Using 'UTF-8' encoding to copy filtered resources.
2022-12-17 21:14:09,678 [Worker-14] INFO  o.e.m.c.i.embedder.EclipseLogger - Copying 1 resource
2022-12-17 21:14:09,678 [Worker-14] INFO  o.e.m.c.i.embedder.EclipseLogger - Using 'UTF-8' encoding to copy filtered resources.
2022-12-17 21:14:09,679 [Worker-14] INFO  o.e.m.c.i.embedder.EclipseLogger - Copying 0 resource
2022-12-17 21:16:36,896 [Worker-14] INFO  o.e.m.c.i.embedder.EclipseLogger - Using 'UTF-8' encoding to copy filtered resources.
2022-12-17 21:16:36,897 [Worker-14] INFO  o.e.m.c.i.embedder.EclipseLogger - Copying 1 resource
2022-12-17 21:16:36,899 [Worker-14] INFO  o.e.m.c.i.embedder.EclipseLogger - Using 'UTF-8' encoding to copy filtered resources.
2022-12-17 21:16:36,899 [Worker-14] INFO  o.e.m.c.i.embedder.EclipseLogger - Copying 0 resource
2022-12-17 21:17:39,038 [Worker-30] INFO  o.e.m.c.i.embedder.EclipseLogger - Using 'UTF-8' encoding to copy filtered resources.
2022-12-17 21:17:39,038 [Worker-30] INFO  o.e.m.c.i.embedder.EclipseLogger - Copying 1 resource
2022-12-17 21:17:39,039 [Worker-30] INFO  o.e.m.c.i.embedder.EclipseLogger - Using 'UTF-8' encoding to copy filtered resources.
2022-12-17 21:17:39,039 [Worker-30] INFO  o.e.m.c.i.embedder.EclipseLogger - Copying 0 resource
2022-12-17 21:18:43,588 [Worker-14] INFO  o.e.m.c.i.embedder.EclipseLogger - Using 'UTF-8' encoding to copy filtered resources.
2022-12-17 21:18:43,588 [Worker-14] INFO  o.e.m.c.i.embedder.EclipseLogger - Copying 1 resource
2022-12-17 21:18:43,589 [Worker-14] INFO  o.e.m.c.i.embedder.EclipseLogger - Using 'UTF-8' encoding to copy filtered resources.
2022-12-17 21:18:43,590 [Worker-14] INFO  o.e.m.c.i.embedder.EclipseLogger - Copying 0 resource
2022-12-17 21:20:02,858 [Worker-14] INFO  o.e.m.c.i.embedder.EclipseLogger - Using 'UTF-8' encoding to copy filtered resources.
2022-12-17 21:20:02,859 [Worker-14] INFO  o.e.m.c.i.embedder.EclipseLogger - Copying 1 resource
2022-12-17 21:20:02,860 [Worker-14] INFO  o.e.m.c.i.embedder.EclipseLogger - Using 'UTF-8' encoding to copy filtered resources.
2022-12-17 21:20:02,860 [Worker-14] INFO  o.e.m.c.i.embedder.EclipseLogger - Copying 0 resource
2022-12-17 21:21:28,139 [Worker-28] INFO  o.e.m.c.i.embedder.EclipseLogger - Using 'UTF-8' encoding to copy filtered resources.
2022-12-17 21:21:28,140 [Worker-28] INFO  o.e.m.c.i.embedder.EclipseLogger - Copying 1 resource
2022-12-17 21:21:28,141 [Worker-28] INFO  o.e.m.c.i.embedder.EclipseLogger - Using 'UTF-8' encoding to copy filtered resources.
2022-12-17 21:21:28,142 [Worker-28] INFO  o.e.m.c.i.embedder.EclipseLogger - Copying 0 resource
2022-12-17 21:24:38,127 [Worker-28] INFO  o.e.m.c.i.embedder.EclipseLogger - Using 'UTF-8' encoding to copy filtered resources.
2022-12-17 21:24:38,127 [Worker-28] INFO  o.e.m.c.i.embedder.EclipseLogger - Copying 0 resource
2022-12-17 21:24:38,128 [Worker-28] INFO  o.e.m.c.i.embedder.EclipseLogger - Using 'UTF-8' encoding to copy filtered resources.
2022-12-17 21:24:38,129 [Worker-28] INFO  o.e.m.c.i.embedder.EclipseLogger - Copying 0 resource
2022-12-17 21:25:11,696 [Worker-30] INFO  o.e.m.c.i.embedder.EclipseLogger - Using 'UTF-8' encoding to copy filtered resources.
2022-12-17 21:25:11,697 [Worker-30] INFO  o.e.m.c.i.embedder.EclipseLogger - Copying 0 resource
2022-12-17 21:25:11,698 [Worker-30] INFO  o.e.m.c.i.embedder.EclipseLogger - Using 'UTF-8' encoding to copy filtered resources.
2022-12-17 21:25:11,699 [Worker-30] INFO  o.e.m.c.i.embedder.EclipseLogger - Copying 0 resource
2022-12-17 21:25:30,539 [Worker-28] INFO  o.e.m.c.i.embedder.EclipseLogger - Using 'UTF-8' encoding to copy filtered resources.
2022-12-17 21:25:30,540 [Worker-28] INFO  o.e.m.c.i.embedder.EclipseLogger - Copying 0 resource
2022-12-17 21:25:30,540 [Worker-28] INFO  o.e.m.c.i.embedder.EclipseLogger - Using 'UTF-8' encoding to copy filtered resources.
2022-12-17 21:25:30,541 [Worker-28] INFO  o.e.m.c.i.embedder.EclipseLogger - Copying 0 resource
2022-12-17 21:25:47,957 [Worker-30] INFO  o.e.m.c.i.embedder.EclipseLogger - Using 'UTF-8' encoding to copy filtered resources.
2022-12-17 21:25:47,957 [Worker-30] INFO  o.e.m.c.i.embedder.EclipseLogger - Copying 0 resource
2022-12-17 21:25:47,958 [Worker-30] INFO  o.e.m.c.i.embedder.EclipseLogger - Using 'UTF-8' encoding to copy filtered resources.
2022-12-17 21:25:47,958 [Worker-30] INFO  o.e.m.c.i.embedder.EclipseLogger - Copying 0 resource
2022-12-17 21:26:50,290 [Worker-31] INFO  o.e.m.c.i.embedder.EclipseLogger - Using 'UTF-8' encoding to copy filtered resources.
2022-12-17 21:26:50,290 [Worker-31] INFO  o.e.m.c.i.embedder.EclipseLogger - Copying 0 resource
2022-12-17 21:26:50,290 [Worker-31] INFO  o.e.m.c.i.embedder.EclipseLogger - Using 'UTF-8' encoding to copy filtered resources.
2022-12-17 21:26:50,291 [Worker-31] INFO  o.e.m.c.i.embedder.EclipseLogger - Copying 0 resource
2022-12-17 21:27:11,470 [Worker-31] INFO  o.e.m.c.i.embedder.EclipseLogger - Using 'UTF-8' encoding to copy filtered resources.
2022-12-17 21:27:11,470 [Worker-31] INFO  o.e.m.c.i.embedder.EclipseLogger - Copying 0 resource
2022-12-17 21:27:11,471 [Worker-31] INFO  o.e.m.c.i.embedder.EclipseLogger - Using 'UTF-8' encoding to copy filtered resources.
2022-12-17 21:27:11,473 [Worker-31] INFO  o.e.m.c.i.embedder.EclipseLogger - Copying 0 resource
2022-12-17 21:27:40,088 [Worker-31] INFO  o.e.m.c.i.embedder.EclipseLogger - Using 'UTF-8' encoding to copy filtered resources.
2022-12-17 21:27:40,088 [Worker-31] INFO  o.e.m.c.i.embedder.EclipseLogger - Copying 0 resource
2022-12-17 21:27:40,088 [Worker-31] INFO  o.e.m.c.i.embedder.EclipseLogger - Using 'UTF-8' encoding to copy filtered resources.
2022-12-17 21:27:40,090 [Worker-31] INFO  o.e.m.c.i.embedder.EclipseLogger - Copying 0 resource
2022-12-17 21:29:17,525 [Worker-30] INFO  o.e.m.c.i.embedder.EclipseLogger - Using 'UTF-8' encoding to copy filtered resources.
2022-12-17 21:29:17,526 [Worker-30] INFO  o.e.m.c.i.embedder.EclipseLogger - Copying 0 resource
2022-12-17 21:29:17,527 [Worker-30] INFO  o.e.m.c.i.embedder.EclipseLogger - Using 'UTF-8' encoding to copy filtered resources.
2022-12-17 21:29:17,527 [Worker-30] INFO  o.e.m.c.i.embedder.EclipseLogger - Copying 0 resource
2022-12-17 21:30:05,091 [Worker-34] INFO  o.e.m.c.i.embedder.EclipseLogger - Using 'UTF-8' encoding to copy filtered resources.
2022-12-17 21:30:05,091 [Worker-34] INFO  o.e.m.c.i.embedder.EclipseLogger - Copying 0 resource
2022-12-17 21:30:05,092 [Worker-34] INFO  o.e.m.c.i.embedder.EclipseLogger - Using 'UTF-8' encoding to copy filtered resources.
2022-12-17 21:30:05,092 [Worker-34] INFO  o.e.m.c.i.embedder.EclipseLogger - Copying 0 resource
2022-12-17 21:30:22,679 [Worker-30] INFO  o.e.m.c.i.embedder.EclipseLogger - Using 'UTF-8' encoding to copy filtered resources.
2022-12-17 21:30:22,680 [Worker-30] INFO  o.e.m.c.i.embedder.EclipseLogger - Copying 0 resource
2022-12-17 21:30:22,681 [Worker-30] INFO  o.e.m.c.i.embedder.EclipseLogger - Using 'UTF-8' encoding to copy filtered resources.
2022-12-17 21:30:22,682 [Worker-30] INFO  o.e.m.c.i.embedder.EclipseLogger - Copying 0 resource
2022-12-17 21:30:51,208 [Worker-35] INFO  o.e.m.c.i.embedder.EclipseLogger - Using 'UTF-8' encoding to copy filtered resources.
2022-12-17 21:30:51,208 [Worker-35] INFO  o.e.m.c.i.embedder.EclipseLogger - Copying 0 resource
2022-12-17 21:30:51,209 [Worker-35] INFO  o.e.m.c.i.embedder.EclipseLogger - Using 'UTF-8' encoding to copy filtered resources.
2022-12-17 21:30:51,209 [Worker-35] INFO  o.e.m.c.i.embedder.EclipseLogger - Copying 0 resource
2022-12-17 21:31:22,054 [Worker-34] INFO  o.e.m.c.i.embedder.EclipseLogger - Using 'UTF-8' encoding to copy filtered resources.
2022-12-17 21:31:22,054 [Worker-34] INFO  o.e.m.c.i.embedder.EclipseLogger - Copying 0 resource
2022-12-17 21:31:22,055 [Worker-34] INFO  o.e.m.c.i.embedder.EclipseLogger - Using 'UTF-8' encoding to copy filtered resources.
2022-12-17 21:31:22,056 [Worker-34] INFO  o.e.m.c.i.embedder.EclipseLogger - Copying 0 resource
2022-12-17 21:31:47,317 [Worker-34] INFO  o.e.m.c.i.embedder.EclipseLogger - Using 'UTF-8' encoding to copy filtered resources.
2022-12-17 21:31:47,317 [Worker-34] INFO  o.e.m.c.i.embedder.EclipseLogger - Copying 0 resource
2022-12-17 21:31:47,318 [Worker-34] INFO  o.e.m.c.i.embedder.EclipseLogger - Using 'UTF-8' encoding to copy filtered resources.
2022-12-17 21:31:47,319 [Worker-34] INFO  o.e.m.c.i.embedder.EclipseLogger - Copying 0 resource
2022-12-17 21:32:02,288 [Worker-30] INFO  o.e.m.c.i.embedder.EclipseLogger - Using 'UTF-8' encoding to copy filtered resources.
2022-12-17 21:32:02,289 [Worker-30] INFO  o.e.m.c.i.embedder.EclipseLogger - Copying 0 resource
2022-12-17 21:32:02,290 [Worker-30] INFO  o.e.m.c.i.embedder.EclipseLogger - Using 'UTF-8' encoding to copy filtered resources.
2022-12-17 21:32:02,291 [Worker-30] INFO  o.e.m.c.i.embedder.EclipseLogger - Copying 0 resource
2022-12-17 21:32:35,285 [Worker-36] INFO  o.e.m.c.i.embedder.EclipseLogger - Using 'UTF-8' encoding to copy filtered resources.
2022-12-17 21:32:35,285 [Worker-36] INFO  o.e.m.c.i.embedder.EclipseLogger - Copying 0 resource
2022-12-17 21:32:35,286 [Worker-36] INFO  o.e.m.c.i.embedder.EclipseLogger - Using 'UTF-8' encoding to copy filtered resources.
2022-12-17 21:32:35,287 [Worker-36] INFO  o.e.m.c.i.embedder.EclipseLogger - Copying 0 resource
2022-12-17 21:32:46,016 [Worker-35] INFO  o.e.m.c.i.embedder.EclipseLogger - Using 'UTF-8' encoding to copy filtered resources.
2022-12-17 21:32:46,017 [Worker-35] INFO  o.e.m.c.i.embedder.EclipseLogger - Copying 0 resource
2022-12-17 21:32:46,018 [Worker-35] INFO  o.e.m.c.i.embedder.EclipseLogger - Using 'UTF-8' encoding to copy filtered resources.
2022-12-17 21:32:46,018 [Worker-35] INFO  o.e.m.c.i.embedder.EclipseLogger - Copying 0 resource
2022-12-17 21:36:05,945 [Worker-37] INFO  o.e.m.c.i.e.AbstractTransferListenerAdapter - Downloading https://repo.maven.apache.org/maven2/org/apache/maven/plugins/maven-compiler-plugin/3.5.1/maven-compiler-plugin-3.5.1.jar
2022-12-17 21:36:06,215 [Worker-37] INFO  o.e.m.c.i.e.AbstractTransferListenerAdapter - Downloaded https://repo.maven.apache.org/maven2/org/apache/maven/plugins/maven-compiler-plugin/3.5.1/maven-compiler-plugin-3.5.1.jar
2022-12-17 21:36:06,378 [Worker-37] INFO  o.e.m.c.i.e.AbstractTransferListenerAdapter - Downloading https://repo.maven.apache.org/maven2/org/apache/maven/plugins/maven-compiler-plugin/3.5.1/maven-compiler-plugin-3.5.1.pom
2022-12-17 21:36:06,620 [Worker-37] INFO  o.e.m.c.i.e.AbstractTransferListenerAdapter - Downloaded https://repo.maven.apache.org/maven2/org/apache/maven/plugins/maven-compiler-plugin/3.5.1/maven-compiler-plugin-3.5.1.pom
2022-12-17 21:36:06,846 [Worker-37] INFO  o.e.m.c.i.e.AbstractTransferListenerAdapter - Downloading https://repo.maven.apache.org/maven2/org/apache/maven/plugins/maven-plugins/28/maven-plugins-28.pom
2022-12-17 21:36:07,085 [Worker-37] INFO  o.e.m.c.i.e.AbstractTransferListenerAdapter - Downloaded https://repo.maven.apache.org/maven2/org/apache/maven/plugins/maven-plugins/28/maven-plugins-28.pom
2022-12-17 21:36:07,128 [Worker-37] INFO  o.e.m.c.i.e.AbstractTransferListenerAdapter - Downloading https://repo.maven.apache.org/maven2/org/apache/maven/maven-parent/27/maven-parent-27.pom
2022-12-17 21:36:07,160 [Worker-37] INFO  o.e.m.c.i.e.AbstractTransferListenerAdapter - Downloaded https://repo.maven.apache.org/maven2/org/apache/maven/maven-parent/27/maven-parent-27.pom
2022-12-17 21:36:07,369 [Worker-37] INFO  o.e.m.c.i.e.AbstractTransferListenerAdapter - Downloading https://repo.maven.apache.org/maven2/org/apache/maven/reporting/maven-reporting-api/2.2.1/maven-reporting-api-2.2.1.pom
2022-12-17 21:36:07,409 [Worker-37] INFO  o.e.m.c.i.e.AbstractTransferListenerAdapter - Downloaded https://repo.maven.apache.org/maven2/org/apache/maven/reporting/maven-reporting-api/2.2.1/maven-reporting-api-2.2.1.pom
2022-12-17 21:36:07,639 [Worker-37] INFO  o.e.m.c.i.e.AbstractTransferListenerAdapter - Downloading https://repo.maven.apache.org/maven2/org/apache/maven/reporting/maven-reporting/2.2.1/maven-reporting-2.2.1.pom
2022-12-17 21:36:07,879 [Worker-37] INFO  o.e.m.c.i.e.AbstractTransferListenerAdapter - Downloaded https://repo.maven.apache.org/maven2/org/apache/maven/reporting/maven-reporting/2.2.1/maven-reporting-2.2.1.pom
2022-12-17 21:36:07,903 [Worker-37] INFO  o.e.m.c.i.e.AbstractTransferListenerAdapter - Downloading https://repo.maven.apache.org/maven2/org/apache/maven/doxia/doxia-sink-api/1.1/doxia-sink-api-1.1.pom
2022-12-17 21:36:08,222 [Worker-37] INFO  o.e.m.c.i.e.AbstractTransferListenerAdapter - Downloaded https://repo.maven.apache.org/maven2/org/apache/maven/doxia/doxia-sink-api/1.1/doxia-sink-api-1.1.pom
2022-12-17 21:36:08,238 [Worker-37] INFO  o.e.m.c.i.e.AbstractTransferListenerAdapter - Downloading https://repo.maven.apache.org/maven2/org/apache/maven/doxia/doxia/1.1/doxia-1.1.pom
2022-12-17 21:36:08,269 [Worker-37] INFO  o.e.m.c.i.e.AbstractTransferListenerAdapter - Downloaded https://repo.maven.apache.org/maven2/org/apache/maven/doxia/doxia/1.1/doxia-1.1.pom
2022-12-17 21:36:08,283 [Worker-37] INFO  o.e.m.c.i.e.AbstractTransferListenerAdapter - Downloading https://repo.maven.apache.org/maven2/org/apache/maven/doxia/doxia-logging-api/1.1/doxia-logging-api-1.1.pom
2022-12-17 21:36:08,304 [Worker-37] INFO  o.e.m.c.i.e.AbstractTransferListenerAdapter - Downloaded https://repo.maven.apache.org/maven2/org/apache/maven/doxia/doxia-logging-api/1.1/doxia-logging-api-1.1.pom
2022-12-17 21:36:08,324 [Worker-37] INFO  o.e.m.c.i.e.AbstractTransferListenerAdapter - Downloading https://repo.maven.apache.org/maven2/org/codehaus/plexus/plexus-container-default/1.0-alpha-30/plexus-container-default-1.0-alpha-30.pom
2022-12-17 21:36:08,363 [Worker-37] INFO  o.e.m.c.i.e.AbstractTransferListenerAdapter - Downloaded https://repo.maven.apache.org/maven2/org/codehaus/plexus/plexus-container-default/1.0-alpha-30/plexus-container-default-1.0-alpha-30.pom
2022-12-17 21:36:08,397 [Worker-37] INFO  o.e.m.c.i.e.AbstractTransferListenerAdapter - Downloading https://repo.maven.apache.org/maven2/org/codehaus/plexus/plexus-containers/1.0-alpha-30/plexus-containers-1.0-alpha-30.pom
2022-12-17 21:36:08,426 [Worker-37] INFO  o.e.m.c.i.e.AbstractTransferListenerAdapter - Downloaded https://repo.maven.apache.org/maven2/org/codehaus/plexus/plexus-containers/1.0-alpha-30/plexus-containers-1.0-alpha-30.pom
2022-12-17 21:36:08,450 [Worker-37] INFO  o.e.m.c.i.e.AbstractTransferListenerAdapter - Downloading https://repo.maven.apache.org/maven2/org/codehaus/plexus/plexus-classworlds/1.2-alpha-9/plexus-classworlds-1.2-alpha-9.pom
2022-12-17 21:36:08,481 [Worker-37] INFO  o.e.m.c.i.e.AbstractTransferListenerAdapter - Downloaded https://repo.maven.apache.org/maven2/org/codehaus/plexus/plexus-classworlds/1.2-alpha-9/plexus-classworlds-1.2-alpha-9.pom
2022-12-17 21:36:08,501 [Worker-37] INFO  o.e.m.c.i.e.AbstractTransferListenerAdapter - Downloading https://repo.maven.apache.org/maven2/org/codehaus/plexus/plexus/1.0.10/plexus-1.0.10.pom
2022-12-17 21:36:08,551 [Worker-37] INFO  o.e.m.c.i.e.AbstractTransferListenerAdapter - Downloaded https://repo.maven.apache.org/maven2/org/codehaus/plexus/plexus/1.0.10/plexus-1.0.10.pom
2022-12-17 21:36:08,591 [Worker-37] INFO  o.e.m.c.i.e.AbstractTransferListenerAdapter - Downloading https://repo.maven.apache.org/maven2/commons-cli/commons-cli/1.2/commons-cli-1.2.pom
2022-12-17 21:36:08,620 [Worker-37] INFO  o.e.m.c.i.e.AbstractTransferListenerAdapter - Downloaded https://repo.maven.apache.org/maven2/commons-cli/commons-cli/1.2/commons-cli-1.2.pom
2022-12-17 21:36:08,646 [Worker-37] INFO  o.e.m.c.i.e.AbstractTransferListenerAdapter - Downloading https://repo.maven.apache.org/maven2/org/apache/commons/commons-parent/11/commons-parent-11.pom
2022-12-17 21:36:08,675 [Worker-37] INFO  o.e.m.c.i.e.AbstractTransferListenerAdapter - Downloaded https://repo.maven.apache.org/maven2/org/apache/commons/commons-parent/11/commons-parent-11.pom
2022-12-17 21:36:08,820 [Worker-37] INFO  o.e.m.c.i.e.AbstractTransferListenerAdapter - Downloading https://repo.maven.apache.org/maven2/org/codehaus/plexus/plexus-compiler-api/2.7/plexus-compiler-api-2.7.pom
2022-12-17 21:36:08,852 [Worker-37] INFO  o.e.m.c.i.e.AbstractTransferListenerAdapter - Downloaded https://repo.maven.apache.org/maven2/org/codehaus/plexus/plexus-compiler-api/2.7/plexus-compiler-api-2.7.pom
2022-12-17 21:36:08,876 [Worker-37] INFO  o.e.m.c.i.e.AbstractTransferListenerAdapter - Downloading https://repo.maven.apache.org/maven2/org/codehaus/plexus/plexus-compiler/2.7/plexus-compiler-2.7.pom
2022-12-17 21:36:08,899 [Worker-37] INFO  o.e.m.c.i.e.AbstractTransferListenerAdapter - Downloaded https://repo.maven.apache.org/maven2/org/codehaus/plexus/plexus-compiler/2.7/plexus-compiler-2.7.pom
2022-12-17 21:36:08,931 [Worker-37] INFO  o.e.m.c.i.e.AbstractTransferListenerAdapter - Downloading https://repo.maven.apache.org/maven2/org/codehaus/plexus/plexus-compiler-manager/2.7/plexus-compiler-manager-2.7.pom
2022-12-17 21:36:08,952 [Worker-37] INFO  o.e.m.c.i.e.AbstractTransferListenerAdapter - Downloaded https://repo.maven.apache.org/maven2/org/codehaus/plexus/plexus-compiler-manager/2.7/plexus-compiler-manager-2.7.pom
2022-12-17 21:36:08,976 [Worker-37] INFO  o.e.m.c.i.e.AbstractTransferListenerAdapter - Downloading https://repo.maven.apache.org/maven2/org/codehaus/plexus/plexus-compiler-javac/2.7/plexus-compiler-javac-2.7.pom
2022-12-17 21:36:09,019 [Worker-37] INFO  o.e.m.c.i.e.AbstractTransferListenerAdapter - Downloaded https://repo.maven.apache.org/maven2/org/codehaus/plexus/plexus-compiler-javac/2.7/plexus-compiler-javac-2.7.pom
2022-12-17 21:36:09,039 [Worker-37] INFO  o.e.m.c.i.e.AbstractTransferListenerAdapter - Downloading https://repo.maven.apache.org/maven2/org/codehaus/plexus/plexus-compilers/2.7/plexus-compilers-2.7.pom
2022-12-17 21:36:09,074 [Worker-37] INFO  o.e.m.c.i.e.AbstractTransferListenerAdapter - Downloaded https://repo.maven.apache.org/maven2/org/codehaus/plexus/plexus-compilers/2.7/plexus-compilers-2.7.pom
2022-12-17 21:36:09,124 [Worker-37] INFO  o.e.m.c.i.e.AbstractTransferListenerAdapter - Downloading https://repo.maven.apache.org/maven2/commons-io/commons-io/2.4/commons-io-2.4.jar
2022-12-17 21:36:09,165 [Worker-37] INFO  o.e.m.c.i.e.AbstractTransferListenerAdapter - Downloaded https://repo.maven.apache.org/maven2/commons-io/commons-io/2.4/commons-io-2.4.jar
2022-12-17 21:36:09,180 [Worker-37] INFO  o.e.m.c.i.e.AbstractTransferListenerAdapter - Downloading https://repo.maven.apache.org/maven2/org/codehaus/plexus/plexus-compiler-api/2.7/plexus-compiler-api-2.7.jar
2022-12-17 21:36:09,376 [Worker-37] INFO  o.e.m.c.i.e.AbstractTransferListenerAdapter - Downloaded https://repo.maven.apache.org/maven2/org/codehaus/plexus/plexus-compiler-api/2.7/plexus-compiler-api-2.7.jar
2022-12-17 21:36:09,391 [Worker-37] INFO  o.e.m.c.i.e.AbstractTransferListenerAdapter - Downloading https://repo.maven.apache.org/maven2/org/codehaus/plexus/plexus-compiler-manager/2.7/plexus-compiler-manager-2.7.jar
2022-12-17 21:36:09,442 [Worker-37] INFO  o.e.m.c.i.e.AbstractTransferListenerAdapter - Downloaded https://repo.maven.apache.org/maven2/org/codehaus/plexus/plexus-compiler-manager/2.7/plexus-compiler-manager-2.7.jar
2022-12-17 21:36:09,450 [Worker-37] INFO  o.e.m.c.i.e.AbstractTransferListenerAdapter - Downloading https://repo.maven.apache.org/maven2/org/codehaus/plexus/plexus-compiler-javac/2.7/plexus-compiler-javac-2.7.jar
2022-12-17 21:36:09,531 [Worker-37] INFO  o.e.m.c.i.e.AbstractTransferListenerAdapter - Downloaded https://repo.maven.apache.org/maven2/org/codehaus/plexus/plexus-compiler-javac/2.7/plexus-compiler-javac-2.7.jar
2022-12-17 21:36:09,940 [Worker-37] INFO  o.e.m.c.i.l.LifecycleMappingFactory - Using org.eclipse.m2e.jdt.JarLifecycleMapping lifecycle mapping for MavenProject: com.quinstreet:TDDdulavai:0.0.1-SNAPSHOT @ C:\TDDFramework\TDDdulavai\pom.xml.
2022-12-17 21:36:10,377 [Worker-37] INFO  o.e.m.c.i.e.AbstractTransferListenerAdapter - Downloading https://repo.maven.apache.org/maven2/org/testng/testng/6.9.10/testng-6.9.10.pom
2022-12-17 21:36:10,399 [Worker-37] INFO  o.e.m.c.i.e.AbstractTransferListenerAdapter - Downloaded https://repo.maven.apache.org/maven2/org/testng/testng/6.9.10/testng-6.9.10.pom
2022-12-17 21:36:10,428 [Worker-37] INFO  o.e.m.c.i.e.AbstractTransferListenerAdapter - Downloading https://repo.maven.apache.org/maven2/com/jayway/restassured/rest-assured/2.9.0/rest-assured-2.9.0.pom
2022-12-17 21:36:10,469 [Worker-37] INFO  o.e.m.c.i.e.AbstractTransferListenerAdapter - Downloaded https://repo.maven.apache.org/maven2/com/jayway/restassured/rest-assured/2.9.0/rest-assured-2.9.0.pom
2022-12-17 21:36:10,488 [Worker-37] INFO  o.e.m.c.i.e.AbstractTransferListenerAdapter - Downloading https://repo.maven.apache.org/maven2/com/jayway/restassured/rest-assured-parent/2.9.0/rest-assured-parent-2.9.0.pom
2022-12-17 21:36:10,515 [Worker-37] INFO  o.e.m.c.i.e.AbstractTransferListenerAdapter - Downloaded https://repo.maven.apache.org/maven2/com/jayway/restassured/rest-assured-parent/2.9.0/rest-assured-parent-2.9.0.pom
2022-12-17 21:36:10,534 [Worker-37] INFO  o.e.m.c.i.e.AbstractTransferListenerAdapter - Downloading https://repo.maven.apache.org/maven2/org/codehaus/groovy/groovy/2.4.4/groovy-2.4.4.pom
2022-12-17 21:36:10,576 [Worker-37] INFO  o.e.m.c.i.e.AbstractTransferListenerAdapter - Downloaded https://repo.maven.apache.org/maven2/org/codehaus/groovy/groovy/2.4.4/groovy-2.4.4.pom
2022-12-17 21:36:10,589 [Worker-37] INFO  o.e.m.c.i.e.AbstractTransferListenerAdapter - Downloading https://repo.maven.apache.org/maven2/org/codehaus/groovy/groovy-xml/2.4.4/groovy-xml-2.4.4.pom
2022-12-17 21:36:10,613 [Worker-37] INFO  o.e.m.c.i.e.AbstractTransferListenerAdapter - Downloaded https://repo.maven.apache.org/maven2/org/codehaus/groovy/groovy-xml/2.4.4/groovy-xml-2.4.4.pom
2022-12-17 21:36:10,667 [Worker-37] INFO  o.e.m.c.i.e.AbstractTransferListenerAdapter - Downloading https://repo.maven.apache.org/maven2/com/jayway/restassured/json-path/2.9.0/json-path-2.9.0.pom
2022-12-17 21:36:10,695 [Worker-37] INFO  o.e.m.c.i.e.AbstractTransferListenerAdapter - Downloaded https://repo.maven.apache.org/maven2/com/jayway/restassured/json-path/2.9.0/json-path-2.9.0.pom
2022-12-17 21:36:10,723 [Worker-37] INFO  o.e.m.c.i.e.AbstractTransferListenerAdapter - Downloading https://repo.maven.apache.org/maven2/org/codehaus/groovy/groovy-json/2.4.4/groovy-json-2.4.4.pom
2022-12-17 21:36:10,758 [Worker-37] INFO  o.e.m.c.i.e.AbstractTransferListenerAdapter - Downloaded https://repo.maven.apache.org/maven2/org/codehaus/groovy/groovy-json/2.4.4/groovy-json-2.4.4.pom
2022-12-17 21:36:10,774 [Worker-37] INFO  o.e.m.c.i.e.AbstractTransferListenerAdapter - Downloading https://repo.maven.apache.org/maven2/com/jayway/restassured/rest-assured-common/2.9.0/rest-assured-common-2.9.0.pom
2022-12-17 21:36:10,830 [Worker-37] INFO  o.e.m.c.i.e.AbstractTransferListenerAdapter - Downloaded https://repo.maven.apache.org/maven2/com/jayway/restassured/rest-assured-common/2.9.0/rest-assured-common-2.9.0.pom
2022-12-17 21:36:10,858 [Worker-37] INFO  o.e.m.c.i.e.AbstractTransferListenerAdapter - Downloading https://repo.maven.apache.org/maven2/org/apache/commons/commons-lang3/3.3.2/commons-lang3-3.3.2.pom
2022-12-17 21:36:10,892 [Worker-37] INFO  o.e.m.c.i.e.AbstractTransferListenerAdapter - Downloaded https://repo.maven.apache.org/maven2/org/apache/commons/commons-lang3/3.3.2/commons-lang3-3.3.2.pom
2022-12-17 21:36:10,906 [Worker-37] INFO  o.e.m.c.i.e.AbstractTransferListenerAdapter - Downloading https://repo.maven.apache.org/maven2/org/apache/commons/commons-parent/33/commons-parent-33.pom
2022-12-17 21:36:10,940 [Worker-37] INFO  o.e.m.c.i.e.AbstractTransferListenerAdapter - Downloaded https://repo.maven.apache.org/maven2/org/apache/commons/commons-parent/33/commons-parent-33.pom
2022-12-17 21:36:10,967 [Worker-37] INFO  o.e.m.c.i.e.AbstractTransferListenerAdapter - Downloading https://repo.maven.apache.org/maven2/com/jayway/restassured/xml-path/2.9.0/xml-path-2.9.0.pom
2022-12-17 21:36:11,000 [Worker-37] INFO  o.e.m.c.i.e.AbstractTransferListenerAdapter - Downloaded https://repo.maven.apache.org/maven2/com/jayway/restassured/xml-path/2.9.0/xml-path-2.9.0.pom
2022-12-17 21:36:11,020 [Worker-37] INFO  o.e.m.c.i.e.AbstractTransferListenerAdapter - Downloading https://repo.maven.apache.org/maven2/org/apache/logging/log4j/log4j-to-slf4j/2.8.2/log4j-to-slf4j-2.8.2.pom
2022-12-17 21:36:11,050 [Worker-37] INFO  o.e.m.c.i.e.AbstractTransferListenerAdapter - Downloaded https://repo.maven.apache.org/maven2/org/apache/logging/log4j/log4j-to-slf4j/2.8.2/log4j-to-slf4j-2.8.2.pom
2022-12-17 21:36:11,102 [Worker-37] INFO  o.e.m.c.i.e.AbstractTransferListenerAdapter - Downloading https://repo.maven.apache.org/maven2/org/apache/logging/log4j/log4j/2.8.2/log4j-2.8.2.pom
2022-12-17 21:36:11,129 [Worker-37] INFO  o.e.m.c.i.e.AbstractTransferListenerAdapter - Downloaded https://repo.maven.apache.org/maven2/org/apache/logging/log4j/log4j/2.8.2/log4j-2.8.2.pom
2022-12-17 21:36:11,149 [Worker-37] INFO  o.e.m.c.i.e.AbstractTransferListenerAdapter - Downloading https://repo.maven.apache.org/maven2/org/apache/logging/logging-parent/1/logging-parent-1.pom
2022-12-17 21:36:11,188 [Worker-37] INFO  o.e.m.c.i.e.AbstractTransferListenerAdapter - Downloaded https://repo.maven.apache.org/maven2/org/apache/logging/logging-parent/1/logging-parent-1.pom
2022-12-17 21:36:11,209 [Worker-37] INFO  o.e.m.c.i.e.AbstractTransferListenerAdapter - Downloading https://repo.maven.apache.org/maven2/org/slf4j/slf4j-api/1.7.24/slf4j-api-1.7.24.pom
2022-12-17 21:36:11,239 [Worker-37] INFO  o.e.m.c.i.e.AbstractTransferListenerAdapter - Downloaded https://repo.maven.apache.org/maven2/org/slf4j/slf4j-api/1.7.24/slf4j-api-1.7.24.pom
2022-12-17 21:36:11,268 [Worker-37] INFO  o.e.m.c.i.e.AbstractTransferListenerAdapter - Downloading https://repo.maven.apache.org/maven2/org/slf4j/slf4j-parent/1.7.24/slf4j-parent-1.7.24.pom
2022-12-17 21:36:11,302 [Worker-37] INFO  o.e.m.c.i.e.AbstractTransferListenerAdapter - Downloaded https://repo.maven.apache.org/maven2/org/slf4j/slf4j-parent/1.7.24/slf4j-parent-1.7.24.pom
2022-12-17 21:36:11,321 [Worker-37] INFO  o.e.m.c.i.e.AbstractTransferListenerAdapter - Downloading https://repo.maven.apache.org/maven2/org/apache/logging/log4j/log4j-api/2.8.2/log4j-api-2.8.2.pom
2022-12-17 21:36:11,341 [Worker-37] INFO  o.e.m.c.i.e.AbstractTransferListenerAdapter - Downloaded https://repo.maven.apache.org/maven2/org/apache/logging/log4j/log4j-api/2.8.2/log4j-api-2.8.2.pom
2022-12-17 21:36:11,368 [Worker-37] INFO  o.e.m.c.i.e.AbstractTransferListenerAdapter - Downloading https://repo.maven.apache.org/maven2/com/fasterxml/jackson/core/jackson-databind/2.10.0/jackson-databind-2.10.0.pom
2022-12-17 21:36:11,400 [Worker-37] INFO  o.e.m.c.i.e.AbstractTransferListenerAdapter - Downloaded https://repo.maven.apache.org/maven2/com/fasterxml/jackson/core/jackson-databind/2.10.0/jackson-databind-2.10.0.pom
2022-12-17 21:36:11,417 [Worker-37] INFO  o.e.m.c.i.e.AbstractTransferListenerAdapter - Downloading https://repo.maven.apache.org/maven2/com/fasterxml/jackson/jackson-base/2.10.0/jackson-base-2.10.0.pom
2022-12-17 21:36:11,440 [Worker-37] INFO  o.e.m.c.i.e.AbstractTransferListenerAdapter - Downloaded https://repo.maven.apache.org/maven2/com/fasterxml/jackson/jackson-base/2.10.0/jackson-base-2.10.0.pom
2022-12-17 21:36:11,455 [Worker-37] INFO  o.e.m.c.i.e.AbstractTransferListenerAdapter - Downloading https://repo.maven.apache.org/maven2/com/fasterxml/jackson/jackson-bom/2.10.0/jackson-bom-2.10.0.pom
2022-12-17 21:36:11,481 [Worker-37] INFO  o.e.m.c.i.e.AbstractTransferListenerAdapter - Downloaded https://repo.maven.apache.org/maven2/com/fasterxml/jackson/jackson-bom/2.10.0/jackson-bom-2.10.0.pom
2022-12-17 21:36:11,517 [Worker-37] INFO  o.e.m.c.i.e.AbstractTransferListenerAdapter - Downloading https://repo.maven.apache.org/maven2/com/fasterxml/jackson/core/jackson-annotations/2.10.0/jackson-annotations-2.10.0.pom
2022-12-17 21:36:11,547 [Worker-37] INFO  o.e.m.c.i.e.AbstractTransferListenerAdapter - Downloaded https://repo.maven.apache.org/maven2/com/fasterxml/jackson/core/jackson-annotations/2.10.0/jackson-annotations-2.10.0.pom
2022-12-17 21:36:11,592 [Worker-37] INFO  o.e.m.c.i.e.AbstractTransferListenerAdapter - Downloading https://repo.maven.apache.org/maven2/com/fasterxml/jackson/core/jackson-core/2.10.0/jackson-core-2.10.0.pom
2022-12-17 21:36:11,627 [Worker-37] INFO  o.e.m.c.i.e.AbstractTransferListenerAdapter - Downloaded https://repo.maven.apache.org/maven2/com/fasterxml/jackson/core/jackson-core/2.10.0/jackson-core-2.10.0.pom
2022-12-17 21:36:11,710 [Worker-37] INFO  o.e.m.c.i.e.AbstractTransferListenerAdapter - Downloading https://repo.maven.apache.org/maven2/org/hamcrest/hamcrest-core/2.2/hamcrest-core-2.2.pom
2022-12-17 21:36:11,732 [Worker-37] INFO  o.e.m.c.i.e.AbstractTransferListenerAdapter - Downloaded https://repo.maven.apache.org/maven2/org/hamcrest/hamcrest-core/2.2/hamcrest-core-2.2.pom
2022-12-17 21:36:11,886 [Worker-37] INFO  o.e.m.c.i.e.AbstractTransferListenerAdapter - Downloading https://repo.maven.apache.org/maven2/com/microsoft/sqlserver/mssql-jdbc/7.2.2.jre8/mssql-jdbc-7.2.2.jre8.pom
2022-12-17 21:36:11,921 [Worker-37] INFO  o.e.m.c.i.e.AbstractTransferListenerAdapter - Downloaded https://repo.maven.apache.org/maven2/com/microsoft/sqlserver/mssql-jdbc/7.2.2.jre8/mssql-jdbc-7.2.2.jre8.pom
2022-12-17 21:36:11,941 [Worker-37] INFO  o.e.m.c.i.e.AbstractTransferListenerAdapter - Downloading https://repo.maven.apache.org/maven2/javax/xml/jaxp-api/1.4.2/jaxp-api-1.4.2.pom
2022-12-17 21:36:11,966 [Worker-37] INFO  o.e.m.c.i.e.AbstractTransferListenerAdapter - Downloaded https://repo.maven.apache.org/maven2/javax/xml/jaxp-api/1.4.2/jaxp-api-1.4.2.pom
2022-12-17 21:36:12,027 [Worker-37] INFO  o.e.m.c.i.e.AbstractTransferListenerAdapter - Downloading https://repo.maven.apache.org/maven2/org/apache/poi/poi/5.2.0/poi-5.2.0.jar
2022-12-17 21:36:12,262 [Worker-37] INFO  o.e.m.c.i.e.AbstractTransferListenerAdapter - Downloaded https://repo.maven.apache.org/maven2/org/apache/poi/poi/5.2.0/poi-5.2.0.jar
2022-12-17 21:36:12,270 [Worker-37] INFO  o.e.m.c.i.e.AbstractTransferListenerAdapter - Downloading https://repo.maven.apache.org/maven2/org/testng/testng/6.9.10/testng-6.9.10.jar
2022-12-17 21:36:12,366 [Worker-37] INFO  o.e.m.c.i.e.AbstractTransferListenerAdapter - Downloaded https://repo.maven.apache.org/maven2/org/testng/testng/6.9.10/testng-6.9.10.jar
2022-12-17 21:36:12,377 [Worker-37] INFO  o.e.m.c.i.e.AbstractTransferListenerAdapter - Downloading https://repo.maven.apache.org/maven2/com/beust/jcommander/1.48/jcommander-1.48.jar
2022-12-17 21:36:12,421 [Worker-37] INFO  o.e.m.c.i.e.AbstractTransferListenerAdapter - Downloaded https://repo.maven.apache.org/maven2/com/beust/jcommander/1.48/jcommander-1.48.jar
2022-12-17 21:36:12,447 [Worker-37] INFO  o.e.m.c.i.e.AbstractTransferListenerAdapter - Downloading https://repo.maven.apache.org/maven2/com/jayway/restassured/rest-assured/2.9.0/rest-assured-2.9.0.jar
2022-12-17 21:36:12,509 [Worker-37] INFO  o.e.m.c.i.e.AbstractTransferListenerAdapter - Downloaded https://repo.maven.apache.org/maven2/com/jayway/restassured/rest-assured/2.9.0/rest-assured-2.9.0.jar
2022-12-17 21:36:12,534 [Worker-37] INFO  o.e.m.c.i.e.AbstractTransferListenerAdapter - Downloading https://repo.maven.apache.org/maven2/org/codehaus/groovy/groovy/2.4.4/groovy-2.4.4.jar
2022-12-17 21:36:12,786 [Worker-37] INFO  o.e.m.c.i.e.AbstractTransferListenerAdapter - Downloaded https://repo.maven.apache.org/maven2/org/codehaus/groovy/groovy/2.4.4/groovy-2.4.4.jar
2022-12-17 21:36:12,806 [Worker-37] INFO  o.e.m.c.i.e.AbstractTransferListenerAdapter - Downloading https://repo.maven.apache.org/maven2/org/codehaus/groovy/groovy-xml/2.4.4/groovy-xml-2.4.4.jar
2022-12-17 21:36:12,860 [Worker-37] INFO  o.e.m.c.i.e.AbstractTransferListenerAdapter - Downloaded https://repo.maven.apache.org/maven2/org/codehaus/groovy/groovy-xml/2.4.4/groovy-xml-2.4.4.jar
2022-12-17 21:36:12,873 [Worker-37] INFO  o.e.m.c.i.e.AbstractTransferListenerAdapter - Downloading https://repo.maven.apache.org/maven2/com/jayway/restassured/json-path/2.9.0/json-path-2.9.0.jar
2022-12-17 21:36:12,897 [Worker-37] INFO  o.e.m.c.i.e.AbstractTransferListenerAdapter - Downloaded https://repo.maven.apache.org/maven2/com/jayway/restassured/json-path/2.9.0/json-path-2.9.0.jar
2022-12-17 21:36:12,911 [Worker-37] INFO  o.e.m.c.i.e.AbstractTransferListenerAdapter - Downloading https://repo.maven.apache.org/maven2/org/codehaus/groovy/groovy-json/2.4.4/groovy-json-2.4.4.jar
2022-12-17 21:36:12,961 [Worker-37] INFO  o.e.m.c.i.e.AbstractTransferListenerAdapter - Downloaded https://repo.maven.apache.org/maven2/org/codehaus/groovy/groovy-json/2.4.4/groovy-json-2.4.4.jar
2022-12-17 21:36:12,983 [Worker-37] INFO  o.e.m.c.i.e.AbstractTransferListenerAdapter - Downloading https://repo.maven.apache.org/maven2/com/jayway/restassured/rest-assured-common/2.9.0/rest-assured-common-2.9.0.jar
2022-12-17 21:36:13,102 [Worker-37] INFO  o.e.m.c.i.e.AbstractTransferListenerAdapter - Downloaded https://repo.maven.apache.org/maven2/com/jayway/restassured/rest-assured-common/2.9.0/rest-assured-common-2.9.0.jar
2022-12-17 21:36:13,113 [Worker-37] INFO  o.e.m.c.i.e.AbstractTransferListenerAdapter - Downloading https://repo.maven.apache.org/maven2/com/jayway/restassured/xml-path/2.9.0/xml-path-2.9.0.jar
2022-12-17 21:36:13,163 [Worker-37] INFO  o.e.m.c.i.e.AbstractTransferListenerAdapter - Downloaded https://repo.maven.apache.org/maven2/com/jayway/restassured/xml-path/2.9.0/xml-path-2.9.0.jar
2022-12-17 21:36:13,174 [Worker-37] INFO  o.e.m.c.i.e.AbstractTransferListenerAdapter - Downloading https://repo.maven.apache.org/maven2/org/apache/commons/commons-lang3/3.3.2/commons-lang3-3.3.2.jar
2022-12-17 21:36:13,215 [Worker-37] INFO  o.e.m.c.i.e.AbstractTransferListenerAdapter - Downloaded https://repo.maven.apache.org/maven2/org/apache/commons/commons-lang3/3.3.2/commons-lang3-3.3.2.jar
2022-12-17 21:36:13,226 [Worker-37] INFO  o.e.m.c.i.e.AbstractTransferListenerAdapter - Downloading https://repo.maven.apache.org/maven2/org/apache/logging/log4j/log4j-to-slf4j/2.8.2/log4j-to-slf4j-2.8.2.jar
2022-12-17 21:36:13,284 [Worker-37] INFO  o.e.m.c.i.e.AbstractTransferListenerAdapter - Downloaded https://repo.maven.apache.org/maven2/org/apache/logging/log4j/log4j-to-slf4j/2.8.2/log4j-to-slf4j-2.8.2.jar
2022-12-17 21:36:13,318 [Worker-37] INFO  o.e.m.c.i.e.AbstractTransferListenerAdapter - Downloading https://repo.maven.apache.org/maven2/org/slf4j/slf4j-api/1.7.24/slf4j-api-1.7.24.jar
2022-12-17 21:36:13,448 [Worker-37] INFO  o.e.m.c.i.e.AbstractTransferListenerAdapter - Downloaded https://repo.maven.apache.org/maven2/org/slf4j/slf4j-api/1.7.24/slf4j-api-1.7.24.jar
2022-12-17 21:36:13,473 [Worker-37] INFO  o.e.m.c.i.e.AbstractTransferListenerAdapter - Downloading https://repo.maven.apache.org/maven2/com/fasterxml/jackson/core/jackson-databind/2.10.0/jackson-databind-2.10.0.jar
2022-12-17 21:36:13,585 [Worker-37] INFO  o.e.m.c.i.e.AbstractTransferListenerAdapter - Downloaded https://repo.maven.apache.org/maven2/com/fasterxml/jackson/core/jackson-databind/2.10.0/jackson-databind-2.10.0.jar
2022-12-17 21:36:13,600 [Worker-37] INFO  o.e.m.c.i.e.AbstractTransferListenerAdapter - Downloading https://repo.maven.apache.org/maven2/com/fasterxml/jackson/core/jackson-annotations/2.10.0/jackson-annotations-2.10.0.jar
2022-12-17 21:36:13,631 [Worker-37] INFO  o.e.m.c.i.e.AbstractTransferListenerAdapter - Downloaded https://repo.maven.apache.org/maven2/com/fasterxml/jackson/core/jackson-annotations/2.10.0/jackson-annotations-2.10.0.jar
2022-12-17 21:36:13,644 [Worker-37] INFO  o.e.m.c.i.e.AbstractTransferListenerAdapter - Downloading https://repo.maven.apache.org/maven2/com/fasterxml/jackson/core/jackson-core/2.10.0/jackson-core-2.10.0.jar
2022-12-17 21:36:13,710 [Worker-37] INFO  o.e.m.c.i.e.AbstractTransferListenerAdapter - Downloaded https://repo.maven.apache.org/maven2/com/fasterxml/jackson/core/jackson-core/2.10.0/jackson-core-2.10.0.jar
2022-12-17 21:36:13,719 [Worker-37] INFO  o.e.m.c.i.e.AbstractTransferListenerAdapter - Downloading https://repo.maven.apache.org/maven2/org/hamcrest/hamcrest-core/2.2/hamcrest-core-2.2.jar
2022-12-17 21:36:13,771 [Worker-37] INFO  o.e.m.c.i.e.AbstractTransferListenerAdapter - Downloaded https://repo.maven.apache.org/maven2/org/hamcrest/hamcrest-core/2.2/hamcrest-core-2.2.jar
2022-12-17 21:36:13,798 [Worker-37] INFO  o.e.m.c.i.e.AbstractTransferListenerAdapter - Downloading https://repo.maven.apache.org/maven2/com/microsoft/sqlserver/mssql-jdbc/7.2.2.jre8/mssql-jdbc-7.2.2.jre8.jar
2022-12-17 21:36:14,060 [Worker-37] INFO  o.e.m.c.i.e.AbstractTransferListenerAdapter - Downloaded https://repo.maven.apache.org/maven2/com/microsoft/sqlserver/mssql-jdbc/7.2.2.jre8/mssql-jdbc-7.2.2.jre8.jar
2022-12-17 21:36:14,084 [Worker-37] INFO  o.e.m.c.i.e.AbstractTransferListenerAdapter - Downloading https://repo.maven.apache.org/maven2/javax/xml/jaxp-api/1.4.2/jaxp-api-1.4.2.jar
2022-12-17 21:36:14,144 [Worker-37] INFO  o.e.m.c.i.e.AbstractTransferListenerAdapter - Downloaded https://repo.maven.apache.org/maven2/javax/xml/jaxp-api/1.4.2/jaxp-api-1.4.2.jar
2022-12-17 21:36:15,655 [Worker-37] WARN  o.e.m.c.i.embedder.EclipseLogger - Using platform encoding (Cp1252 actually) to copy filtered resources, i.e. build is platform dependent!
2022-12-17 21:36:15,658 [Worker-37] INFO  o.e.m.c.i.embedder.EclipseLogger - Copying 0 resource
2022-12-17 21:36:15,659 [Worker-37] WARN  o.e.m.c.i.embedder.EclipseLogger - Using platform encoding (Cp1252 actually) to copy filtered resources, i.e. build is platform dependent!
2022-12-17 21:36:15,660 [Worker-37] INFO  o.e.m.c.i.embedder.EclipseLogger - Copying 0 resource
2022-12-17 21:44:26,029 [Worker-38] INFO  o.e.m.c.i.p.ProjectConfigurationManager - Update started
2022-12-17 21:44:26,276 [Worker-38] INFO  o.e.m.c.i.l.LifecycleMappingFactory - Using org.eclipse.m2e.jdt.JarLifecycleMapping lifecycle mapping for MavenProject: com.quinstreet:TDDdulavai:0.0.1-SNAPSHOT @ C:\TDDFramework\TDDdulavai\pom.xml.
2022-12-17 21:44:26,573 [Worker-38] INFO  o.e.m.j.i.AbstractJavaProjectConfigurator - Adding source folder /TDDdulavai/src/main/java
2022-12-17 21:44:26,574 [Worker-38] INFO  o.e.m.j.i.AbstractJavaProjectConfigurator - Adding resource folder /TDDdulavai/src/main/resources
2022-12-17 21:44:26,580 [Worker-38] INFO  o.e.m.j.i.AbstractJavaProjectConfigurator - Adding source folder /TDDdulavai/src/test/java
2022-12-17 21:44:26,580 [Worker-38] INFO  o.e.m.j.i.AbstractJavaProjectConfigurator - Adding resource folder /TDDdulavai/src/test/resources
2022-12-17 21:44:26,742 [Worker-38] INFO  o.e.m.c.i.p.ProjectConfigurationManager - Update completed: 0 sec
2022-12-17 21:44:27,016 [Worker-40] WARN  o.e.m.c.i.embedder.EclipseLogger - Using platform encoding (Cp1252 actually) to copy filtered resources, i.e. build is platform dependent!
2022-12-17 21:44:27,018 [Worker-40] INFO  o.e.m.c.i.embedder.EclipseLogger - Copying 1 resource
2022-12-17 21:44:27,026 [Worker-40] WARN  o.e.m.c.i.embedder.EclipseLogger - Using platform encoding (Cp1252 actually) to copy filtered resources, i.e. build is platform dependent!
2022-12-17 21:44:27,028 [Worker-40] INFO  o.e.m.c.i.embedder.EclipseLogger - Copying 0 resource
2022-12-17 21:46:54,543 [Worker-49] INFO  o.e.m.c.i.l.LifecycleMappingFactory - Using org.eclipse.m2e.jdt.JarLifecycleMapping lifecycle mapping for MavenProject: com.quinstreet:UniversalAPIAutomation:0.0.1-SNAPSHOT @ C:\TDDFramework\TDDdulavai\pom.xml.
2022-12-17 21:46:54,879 [Worker-49] WARN  o.e.m.c.i.embedder.EclipseLogger - Using platform encoding (Cp1252 actually) to copy filtered resources, i.e. build is platform dependent!
2022-12-17 21:46:54,882 [Worker-49] INFO  o.e.m.c.i.embedder.EclipseLogger - Copying 0 resource
2022-12-17 21:46:54,885 [Worker-49] WARN  o.e.m.c.i.embedder.EclipseLogger - Using platform encoding (Cp1252 actually) to copy filtered resources, i.e. build is platform dependent!
2022-12-17 21:46:54,885 [Worker-49] INFO  o.e.m.c.i.embedder.EclipseLogger - Copying 0 resource
2022-12-17 21:48:56,167 [Worker-50] INFO  o.e.m.c.i.l.LifecycleMappingFactory - Using org.eclipse.m2e.jdt.JarLifecycleMapping lifecycle mapping for MavenProject: com.quinstreet:TDDdulavai:0.0.1-SNAPSHOT @ C:\TDDFramework\TDDdulavai\pom.xml.
2022-12-17 21:48:56,456 [Worker-50] WARN  o.e.m.c.i.embedder.EclipseLogger - Using platform encoding (Cp1252 actually) to copy filtered resources, i.e. build is platform dependent!
2022-12-17 21:48:56,456 [Worker-50] INFO  o.e.m.c.i.embedder.EclipseLogger - Copying 0 resource
2022-12-17 21:48:56,456 [Worker-50] WARN  o.e.m.c.i.embedder.EclipseLogger - Using platform encoding (Cp1252 actually) to copy filtered resources, i.e. build is platform dependent!
2022-12-17 21:48:56,456 [Worker-50] INFO  o.e.m.c.i.embedder.EclipseLogger - Copying 0 resource
2022-12-17 22:08:55,319 [Worker-63] WARN  o.e.m.c.i.embedder.EclipseLogger - Using platform encoding (Cp1252 actually) to copy filtered resources, i.e. build is platform dependent!
2022-12-17 22:08:55,319 [Worker-63] INFO  o.e.m.c.i.embedder.EclipseLogger - Copying 0 resource
2022-12-17 22:08:55,324 [Worker-63] WARN  o.e.m.c.i.embedder.EclipseLogger - Using platform encoding (Cp1252 actually) to copy filtered resources, i.e. build is platform dependent!
2022-12-17 22:08:55,324 [Worker-63] INFO  o.e.m.c.i.embedder.EclipseLogger - Copying 0 resource
2022-12-17 22:09:40,891 [Worker-62] INFO  o.e.m.c.i.l.LifecycleMappingFactory - Using org.eclipse.m2e.jdt.JarLifecycleMapping lifecycle mapping for MavenProject: com.quinstreet:TDDdulavai:0.0.1-SNAPSHOT @ C:\TDDFramework\TDDdulavai\pom.xml.
2022-12-17 22:09:41,820 [Worker-62] INFO  o.e.m.c.i.e.AbstractTransferListenerAdapter - Downloading https://repo.maven.apache.org/maven2/org/apache/httpcomponents/httpclient/4.5.1/httpclient-4.5.1.jar
2022-12-17 22:09:42,169 [Worker-62] INFO  o.e.m.c.i.e.AbstractTransferListenerAdapter - Downloaded https://repo.maven.apache.org/maven2/org/apache/httpcomponents/httpclient/4.5.1/httpclient-4.5.1.jar
2022-12-17 22:09:42,250 [Worker-62] INFO  o.e.m.c.i.e.AbstractTransferListenerAdapter - Downloading https://repo.maven.apache.org/maven2/org/apache/httpcomponents/httpcore/4.4.3/httpcore-4.4.3.jar
2022-12-17 22:09:42,361 [Worker-62] INFO  o.e.m.c.i.e.AbstractTransferListenerAdapter - Downloaded https://repo.maven.apache.org/maven2/org/apache/httpcomponents/httpcore/4.4.3/httpcore-4.4.3.jar
2022-12-17 22:09:42,588 [Worker-62] WARN  o.e.m.c.i.embedder.EclipseLogger - Using platform encoding (Cp1252 actually) to copy filtered resources, i.e. build is platform dependent!
2022-12-17 22:09:42,588 [Worker-62] INFO  o.e.m.c.i.embedder.EclipseLogger - Copying 0 resource
2022-12-17 22:09:42,588 [Worker-62] WARN  o.e.m.c.i.embedder.EclipseLogger - Using platform encoding (Cp1252 actually) to copy filtered resources, i.e. build is platform dependent!
2022-12-17 22:09:42,588 [Worker-62] INFO  o.e.m.c.i.embedder.EclipseLogger - Copying 0 resource
2022-12-17 22:09:43,997 [Worker-68] WARN  o.e.m.c.i.embedder.EclipseLogger - Using platform encoding (Cp1252 actually) to copy filtered resources, i.e. build is platform dependent!
2022-12-17 22:09:43,997 [Worker-68] INFO  o.e.m.c.i.embedder.EclipseLogger - Copying 1 resource
2022-12-17 22:09:44,013 [Worker-68] WARN  o.e.m.c.i.embedder.EclipseLogger - Using platform encoding (Cp1252 actually) to copy filtered resources, i.e. build is platform dependent!
2022-12-17 22:09:44,013 [Worker-68] INFO  o.e.m.c.i.embedder.EclipseLogger - Copying 0 resource
2022-12-17 22:10:43,208 [Worker-62] WARN  o.e.m.c.i.embedder.EclipseLogger - Using platform encoding (Cp1252 actually) to copy filtered resources, i.e. build is platform dependent!
2022-12-17 22:10:43,208 [Worker-62] INFO  o.e.m.c.i.embedder.EclipseLogger - Copying 0 resource
2022-12-17 22:10:43,208 [Worker-62] WARN  o.e.m.c.i.embedder.EclipseLogger - Using platform encoding (Cp1252 actually) to copy filtered resources, i.e. build is platform dependent!
2022-12-17 22:10:43,208 [Worker-62] INFO  o.e.m.c.i.embedder.EclipseLogger - Copying 0 resource
2022-12-17 22:12:39,368 [Worker-60] WARN  o.e.m.c.i.embedder.EclipseLogger - Using platform encoding (Cp1252 actually) to copy filtered resources, i.e. build is platform dependent!
2022-12-17 22:12:39,368 [Worker-60] INFO  o.e.m.c.i.embedder.EclipseLogger - Copying 0 resource
2022-12-17 22:12:39,368 [Worker-60] WARN  o.e.m.c.i.embedder.EclipseLogger - Using platform encoding (Cp1252 actually) to copy filtered resources, i.e. build is platform dependent!
2022-12-17 22:12:39,368 [Worker-60] INFO  o.e.m.c.i.embedder.EclipseLogger - Copying 0 resource
2022-12-17 22:13:41,820 [Worker-63] WARN  o.e.m.c.i.embedder.EclipseLogger - Using platform encoding (Cp1252 actually) to copy filtered resources, i.e. build is platform dependent!
2022-12-17 22:13:41,832 [Worker-63] INFO  o.e.m.c.i.embedder.EclipseLogger - Copying 0 resource
2022-12-17 22:13:41,832 [Worker-63] WARN  o.e.m.c.i.embedder.EclipseLogger - Using platform encoding (Cp1252 actually) to copy filtered resources, i.e. build is platform dependent!
2022-12-17 22:13:41,832 [Worker-63] INFO  o.e.m.c.i.embedder.EclipseLogger - Copying 0 resource
2022-12-17 22:14:12,467 [Worker-60] WARN  o.e.m.c.i.embedder.EclipseLogger - Using platform encoding (Cp1252 actually) to copy filtered resources, i.e. build is platform dependent!
2022-12-17 22:14:12,467 [Worker-60] INFO  o.e.m.c.i.embedder.EclipseLogger - Copying 0 resource
2022-12-17 22:14:12,467 [Worker-60] WARN  o.e.m.c.i.embedder.EclipseLogger - Using platform encoding (Cp1252 actually) to copy filtered resources, i.e. build is platform dependent!
2022-12-17 22:14:12,483 [Worker-60] INFO  o.e.m.c.i.embedder.EclipseLogger - Copying 0 resource
2022-12-17 22:15:11,254 [Worker-66] WARN  o.e.m.c.i.embedder.EclipseLogger - Using platform encoding (Cp1252 actually) to copy filtered resources, i.e. build is platform dependent!
2022-12-17 22:15:11,254 [Worker-66] INFO  o.e.m.c.i.embedder.EclipseLogger - Copying 0 resource
2022-12-17 22:15:11,263 [Worker-66] WARN  o.e.m.c.i.embedder.EclipseLogger - Using platform encoding (Cp1252 actually) to copy filtered resources, i.e. build is platform dependent!
2022-12-17 22:15:11,263 [Worker-66] INFO  o.e.m.c.i.embedder.EclipseLogger - Copying 0 resource
2022-12-17 22:16:53,381 [Worker-58] WARN  o.e.m.c.i.embedder.EclipseLogger - Using platform encoding (Cp1252 actually) to copy filtered resources, i.e. build is platform dependent!
2022-12-17 22:16:53,381 [Worker-58] INFO  o.e.m.c.i.embedder.EclipseLogger - Copying 0 resource
2022-12-17 22:16:53,381 [Worker-58] WARN  o.e.m.c.i.embedder.EclipseLogger - Using platform encoding (Cp1252 actually) to copy filtered resources, i.e. build is platform dependent!
2022-12-17 22:16:53,388 [Worker-58] INFO  o.e.m.c.i.embedder.EclipseLogger - Copying 0 resource
2022-12-17 22:17:13,336 [Worker-73] WARN  o.e.m.c.i.embedder.EclipseLogger - Using platform encoding (Cp1252 actually) to copy filtered resources, i.e. build is platform dependent!
2022-12-17 22:17:13,336 [Worker-73] INFO  o.e.m.c.i.embedder.EclipseLogger - Copying 0 resource
2022-12-17 22:17:13,336 [Worker-73] WARN  o.e.m.c.i.embedder.EclipseLogger - Using platform encoding (Cp1252 actually) to copy filtered resources, i.e. build is platform dependent!
2022-12-17 22:17:13,336 [Worker-73] INFO  o.e.m.c.i.embedder.EclipseLogger - Copying 0 resource
2022-12-17 22:18:30,048 [Worker-68] WARN  o.e.m.c.i.embedder.EclipseLogger - Using platform encoding (Cp1252 actually) to copy filtered resources, i.e. build is platform dependent!
2022-12-17 22:18:30,059 [Worker-68] INFO  o.e.m.c.i.embedder.EclipseLogger - Copying 0 resource
2022-12-17 22:18:30,061 [Worker-68] WARN  o.e.m.c.i.embedder.EclipseLogger - Using platform encoding (Cp1252 actually) to copy filtered resources, i.e. build is platform dependent!
2022-12-17 22:18:30,061 [Worker-68] INFO  o.e.m.c.i.embedder.EclipseLogger - Copying 0 resource
2022-12-17 22:19:00,797 [Worker-72] WARN  o.e.m.c.i.embedder.EclipseLogger - Using platform encoding (Cp1252 actually) to copy filtered resources, i.e. build is platform dependent!
2022-12-17 22:19:00,805 [Worker-72] INFO  o.e.m.c.i.embedder.EclipseLogger - Copying 0 resource
2022-12-17 22:19:00,806 [Worker-72] WARN  o.e.m.c.i.embedder.EclipseLogger - Using platform encoding (Cp1252 actually) to copy filtered resources, i.e. build is platform dependent!
2022-12-17 22:19:00,806 [Worker-72] INFO  o.e.m.c.i.embedder.EclipseLogger - Copying 0 resource
2022-12-17 22:19:36,511 [Worker-72] WARN  o.e.m.c.i.embedder.EclipseLogger - Using platform encoding (Cp1252 actually) to copy filtered resources, i.e. build is platform dependent!
2022-12-17 22:19:36,511 [Worker-72] INFO  o.e.m.c.i.embedder.EclipseLogger - Copying 0 resource
2022-12-17 22:19:36,511 [Worker-72] WARN  o.e.m.c.i.embedder.EclipseLogger - Using platform encoding (Cp1252 actually) to copy filtered resources, i.e. build is platform dependent!
2022-12-17 22:19:36,511 [Worker-72] INFO  o.e.m.c.i.embedder.EclipseLogger - Copying 0 resource
2022-12-17 22:24:32,088 [Worker-81] WARN  o.e.m.c.i.embedder.EclipseLogger - Using platform encoding (Cp1252 actually) to copy filtered resources, i.e. build is platform dependent!
2022-12-17 22:24:32,104 [Worker-81] INFO  o.e.m.c.i.embedder.EclipseLogger - Copying 1 resource
2022-12-17 22:24:32,104 [Worker-81] WARN  o.e.m.c.i.embedder.EclipseLogger - Using platform encoding (Cp1252 actually) to copy filtered resources, i.e. build is platform dependent!
2022-12-17 22:24:32,104 [Worker-81] INFO  o.e.m.c.i.embedder.EclipseLogger - Copying 0 resource
2022-12-17 22:24:58,147 [Worker-72] WARN  o.e.m.c.i.embedder.EclipseLogger - Using platform encoding (Cp1252 actually) to copy filtered resources, i.e. build is platform dependent!
2022-12-17 22:24:58,147 [Worker-72] INFO  o.e.m.c.i.embedder.EclipseLogger - Copying 0 resource
2022-12-17 22:24:58,147 [Worker-72] WARN  o.e.m.c.i.embedder.EclipseLogger - Using platform encoding (Cp1252 actually) to copy filtered resources, i.e. build is platform dependent!
2022-12-17 22:24:58,147 [Worker-72] INFO  o.e.m.c.i.embedder.EclipseLogger - Copying 0 resource
2022-12-17 22:25:16,368 [Worker-85] WARN  o.e.m.c.i.embedder.EclipseLogger - Using platform encoding (Cp1252 actually) to copy filtered resources, i.e. build is platform dependent!
2022-12-17 22:25:16,371 [Worker-85] INFO  o.e.m.c.i.embedder.EclipseLogger - Copying 0 resource
2022-12-17 22:25:16,371 [Worker-85] WARN  o.e.m.c.i.embedder.EclipseLogger - Using platform encoding (Cp1252 actually) to copy filtered resources, i.e. build is platform dependent!
2022-12-17 22:25:16,371 [Worker-85] INFO  o.e.m.c.i.embedder.EclipseLogger - Copying 0 resource
2022-12-17 22:25:41,491 [Worker-78] WARN  o.e.m.c.i.embedder.EclipseLogger - Using platform encoding (Cp1252 actually) to copy filtered resources, i.e. build is platform dependent!
2022-12-17 22:25:41,491 [Worker-78] INFO  o.e.m.c.i.embedder.EclipseLogger - Copying 0 resource
2022-12-17 22:25:41,506 [Worker-78] WARN  o.e.m.c.i.embedder.EclipseLogger - Using platform encoding (Cp1252 actually) to copy filtered resources, i.e. build is platform dependent!
2022-12-17 22:25:41,506 [Worker-78] INFO  o.e.m.c.i.embedder.EclipseLogger - Copying 0 resource
2022-12-17 22:26:47,137 [Worker-82] WARN  o.e.m.c.i.embedder.EclipseLogger - Using platform encoding (Cp1252 actually) to copy filtered resources, i.e. build is platform dependent!
2022-12-17 22:26:47,137 [Worker-82] INFO  o.e.m.c.i.embedder.EclipseLogger - Copying 0 resource
2022-12-17 22:26:47,137 [Worker-82] WARN  o.e.m.c.i.embedder.EclipseLogger - Using platform encoding (Cp1252 actually) to copy filtered resources, i.e. build is platform dependent!
2022-12-17 22:26:47,137 [Worker-82] INFO  o.e.m.c.i.embedder.EclipseLogger - Copying 0 resource
2022-12-17 22:27:34,425 [Worker-82] WARN  o.e.m.c.i.embedder.EclipseLogger - Using platform encoding (Cp1252 actually) to copy filtered resources, i.e. build is platform dependent!
2022-12-17 22:27:34,425 [Worker-82] INFO  o.e.m.c.i.embedder.EclipseLogger - Copying 0 resource
2022-12-17 22:27:34,425 [Worker-82] WARN  o.e.m.c.i.embedder.EclipseLogger - Using platform encoding (Cp1252 actually) to copy filtered resources, i.e. build is platform dependent!
2022-12-17 22:27:34,425 [Worker-82] INFO  o.e.m.c.i.embedder.EclipseLogger - Copying 0 resource
2022-12-17 22:27:51,154 [Worker-78] WARN  o.e.m.c.i.embedder.EclipseLogger - Using platform encoding (Cp1252 actually) to copy filtered resources, i.e. build is platform dependent!
2022-12-17 22:27:51,154 [Worker-78] INFO  o.e.m.c.i.embedder.EclipseLogger - Copying 0 resource
2022-12-17 22:27:51,154 [Worker-78] WARN  o.e.m.c.i.embedder.EclipseLogger - Using platform encoding (Cp1252 actually) to copy filtered resources, i.e. build is platform dependent!
2022-12-17 22:27:51,170 [Worker-78] INFO  o.e.m.c.i.embedder.EclipseLogger - Copying 0 resource
2022-12-17 22:28:06,035 [Worker-68] WARN  o.e.m.c.i.embedder.EclipseLogger - Using platform encoding (Cp1252 actually) to copy filtered resources, i.e. build is platform dependent!
2022-12-17 22:28:06,035 [Worker-68] INFO  o.e.m.c.i.embedder.EclipseLogger - Copying 0 resource
2022-12-17 22:28:06,035 [Worker-68] WARN  o.e.m.c.i.embedder.EclipseLogger - Using platform encoding (Cp1252 actually) to copy filtered resources, i.e. build is platform dependent!
2022-12-17 22:28:06,035 [Worker-68] INFO  o.e.m.c.i.embedder.EclipseLogger - Copying 0 resource
2022-12-17 22:29:33,786 [Worker-80] WARN  o.e.m.c.i.embedder.EclipseLogger - Using platform encoding (Cp1252 actually) to copy filtered resources, i.e. build is platform dependent!
2022-12-17 22:29:33,786 [Worker-80] INFO  o.e.m.c.i.embedder.EclipseLogger - Copying 0 resource
2022-12-17 22:29:33,789 [Worker-80] WARN  o.e.m.c.i.embedder.EclipseLogger - Using platform encoding (Cp1252 actually) to copy filtered resources, i.e. build is platform dependent!
2022-12-17 22:29:33,790 [Worker-80] INFO  o.e.m.c.i.embedder.EclipseLogger - Copying 1 resource
2022-12-17 22:29:51,466 [Worker-86] WARN  o.e.m.c.i.embedder.EclipseLogger - Using platform encoding (Cp1252 actually) to copy filtered resources, i.e. build is platform dependent!
2022-12-17 22:29:51,466 [Worker-86] INFO  o.e.m.c.i.embedder.EclipseLogger - Copying 0 resource
2022-12-17 22:29:51,466 [Worker-86] WARN  o.e.m.c.i.embedder.EclipseLogger - Using platform encoding (Cp1252 actually) to copy filtered resources, i.e. build is platform dependent!
2022-12-17 22:29:51,466 [Worker-86] INFO  o.e.m.c.i.embedder.EclipseLogger - Copying 1 resource
2022-12-17 22:30:21,888 [Worker-80] WARN  o.e.m.c.i.embedder.EclipseLogger - Using platform encoding (Cp1252 actually) to copy filtered resources, i.e. build is platform dependent!
2022-12-17 22:30:21,888 [Worker-80] INFO  o.e.m.c.i.embedder.EclipseLogger - Copying 0 resource
2022-12-17 22:30:21,888 [Worker-80] WARN  o.e.m.c.i.embedder.EclipseLogger - Using platform encoding (Cp1252 actually) to copy filtered resources, i.e. build is platform dependent!
2022-12-17 22:30:21,888 [Worker-80] INFO  o.e.m.c.i.embedder.EclipseLogger - Copying 1 resource
2022-12-17 22:30:42,966 [Worker-84] WARN  o.e.m.c.i.embedder.EclipseLogger - Using platform encoding (Cp1252 actually) to copy filtered resources, i.e. build is platform dependent!
2022-12-17 22:30:42,966 [Worker-84] INFO  o.e.m.c.i.embedder.EclipseLogger - Copying 0 resource
2022-12-17 22:30:42,966 [Worker-84] WARN  o.e.m.c.i.embedder.EclipseLogger - Using platform encoding (Cp1252 actually) to copy filtered resources, i.e. build is platform dependent!
2022-12-17 22:30:42,969 [Worker-84] INFO  o.e.m.c.i.embedder.EclipseLogger - Copying 1 resource
2022-12-17 22:32:20,617 [Worker-87] WARN  o.e.m.c.i.embedder.EclipseLogger - Using platform encoding (Cp1252 actually) to copy filtered resources, i.e. build is platform dependent!
2022-12-17 22:32:20,617 [Worker-87] INFO  o.e.m.c.i.embedder.EclipseLogger - Copying 0 resource
2022-12-17 22:32:20,617 [Worker-87] WARN  o.e.m.c.i.embedder.EclipseLogger - Using platform encoding (Cp1252 actually) to copy filtered resources, i.e. build is platform dependent!
2022-12-17 22:32:20,617 [Worker-87] INFO  o.e.m.c.i.embedder.EclipseLogger - Copying 0 resource
2022-12-17 22:32:47,955 [Worker-80] WARN  o.e.m.c.i.embedder.EclipseLogger - Using platform encoding (Cp1252 actually) to copy filtered resources, i.e. build is platform dependent!
2022-12-17 22:32:47,955 [Worker-80] INFO  o.e.m.c.i.embedder.EclipseLogger - Copying 0 resource
2022-12-17 22:32:47,955 [Worker-80] WARN  o.e.m.c.i.embedder.EclipseLogger - Using platform encoding (Cp1252 actually) to copy filtered resources, i.e. build is platform dependent!
2022-12-17 22:32:47,955 [Worker-80] INFO  o.e.m.c.i.embedder.EclipseLogger - Copying 0 resource
2022-12-17 22:33:06,740 [Worker-82] WARN  o.e.m.c.i.embedder.EclipseLogger - Using platform encoding (Cp1252 actually) to copy filtered resources, i.e. build is platform dependent!
2022-12-17 22:33:06,740 [Worker-82] INFO  o.e.m.c.i.embedder.EclipseLogger - Copying 0 resource
2022-12-17 22:33:06,740 [Worker-82] WARN  o.e.m.c.i.embedder.EclipseLogger - Using platform encoding (Cp1252 actually) to copy filtered resources, i.e. build is platform dependent!
2022-12-17 22:33:06,740 [Worker-82] INFO  o.e.m.c.i.embedder.EclipseLogger - Copying 0 resource
2022-12-17 22:33:26,239 [Worker-82] WARN  o.e.m.c.i.embedder.EclipseLogger - Using platform encoding (Cp1252 actually) to copy filtered resources, i.e. build is platform dependent!
2022-12-17 22:33:26,239 [Worker-82] INFO  o.e.m.c.i.embedder.EclipseLogger - Copying 0 resource
2022-12-17 22:33:26,239 [Worker-82] WARN  o.e.m.c.i.embedder.EclipseLogger - Using platform encoding (Cp1252 actually) to copy filtered resources, i.e. build is platform dependent!
2022-12-17 22:33:26,239 [Worker-82] INFO  o.e.m.c.i.embedder.EclipseLogger - Copying 0 resource
2022-12-17 22:33:51,191 [Worker-88] WARN  o.e.m.c.i.embedder.EclipseLogger - Using platform encoding (Cp1252 actually) to copy filtered resources, i.e. build is platform dependent!
2022-12-17 22:33:51,195 [Worker-88] INFO  o.e.m.c.i.embedder.EclipseLogger - Copying 0 resource
2022-12-17 22:33:51,196 [Worker-88] WARN  o.e.m.c.i.embedder.EclipseLogger - Using platform encoding (Cp1252 actually) to copy filtered resources, i.e. build is platform dependent!
2022-12-17 22:33:51,196 [Worker-88] INFO  o.e.m.c.i.embedder.EclipseLogger - Copying 0 resource
2022-12-17 22:36:32,961 [Worker-92] WARN  o.e.m.c.i.embedder.EclipseLogger - Using platform encoding (Cp1252 actually) to copy filtered resources, i.e. build is platform dependent!
2022-12-17 22:36:32,961 [Worker-92] INFO  o.e.m.c.i.embedder.EclipseLogger - Copying 0 resource
2022-12-17 22:36:32,970 [Worker-92] WARN  o.e.m.c.i.embedder.EclipseLogger - Using platform encoding (Cp1252 actually) to copy filtered resources, i.e. build is platform dependent!
2022-12-17 22:36:32,970 [Worker-92] INFO  o.e.m.c.i.embedder.EclipseLogger - Copying 0 resource
2022-12-17 22:36:47,702 [Worker-80] WARN  o.e.m.c.i.embedder.EclipseLogger - Using platform encoding (Cp1252 actually) to copy filtered resources, i.e. build is platform dependent!
2022-12-17 22:36:47,702 [Worker-80] INFO  o.e.m.c.i.embedder.EclipseLogger - Copying 0 resource
2022-12-17 22:36:47,706 [Worker-80] WARN  o.e.m.c.i.embedder.EclipseLogger - Using platform encoding (Cp1252 actually) to copy filtered resources, i.e. build is platform dependent!
2022-12-17 22:36:47,706 [Worker-80] INFO  o.e.m.c.i.embedder.EclipseLogger - Copying 0 resource
2022-12-17 22:37:38,764 [Worker-80] WARN  o.e.m.c.i.embedder.EclipseLogger - Using platform encoding (Cp1252 actually) to copy filtered resources, i.e. build is platform dependent!
2022-12-17 22:37:38,764 [Worker-80] INFO  o.e.m.c.i.embedder.EclipseLogger - Copying 0 resource
2022-12-17 22:37:38,764 [Worker-80] WARN  o.e.m.c.i.embedder.EclipseLogger - Using platform encoding (Cp1252 actually) to copy filtered resources, i.e. build is platform dependent!
2022-12-17 22:37:38,764 [Worker-80] INFO  o.e.m.c.i.embedder.EclipseLogger - Copying 0 resource
2022-12-17 22:38:39,707 [Worker-91] WARN  o.e.m.c.i.embedder.EclipseLogger - Using platform encoding (Cp1252 actually) to copy filtered resources, i.e. build is platform dependent!
2022-12-17 22:38:39,707 [Worker-91] INFO  o.e.m.c.i.embedder.EclipseLogger - Copying 0 resource
2022-12-17 22:38:39,707 [Worker-91] WARN  o.e.m.c.i.embedder.EclipseLogger - Using platform encoding (Cp1252 actually) to copy filtered resources, i.e. build is platform dependent!
2022-12-17 22:38:39,707 [Worker-91] INFO  o.e.m.c.i.embedder.EclipseLogger - Copying 0 resource
2022-12-17 22:38:58,694 [Worker-80] WARN  o.e.m.c.i.embedder.EclipseLogger - Using platform encoding (Cp1252 actually) to copy filtered resources, i.e. build is platform dependent!
2022-12-17 22:38:58,694 [Worker-80] INFO  o.e.m.c.i.embedder.EclipseLogger - Copying 0 resource
2022-12-17 22:38:58,694 [Worker-80] WARN  o.e.m.c.i.embedder.EclipseLogger - Using platform encoding (Cp1252 actually) to copy filtered resources, i.e. build is platform dependent!
2022-12-17 22:38:58,694 [Worker-80] INFO  o.e.m.c.i.embedder.EclipseLogger - Copying 0 resource
2023-02-28 21:46:19,695 [Worker-2] WARN  o.e.m.c.i.embedder.EclipseLogger - Using platform encoding (Cp1252 actually) to copy filtered resources, i.e. build is platform dependent!
2023-02-28 21:46:19,702 [Worker-2] INFO  o.e.m.c.i.embedder.EclipseLogger - Copying 1 resource
2023-02-28 21:46:19,709 [Worker-2] WARN  o.e.m.c.i.embedder.EclipseLogger - Using platform encoding (Cp1252 actually) to copy filtered resources, i.e. build is platform dependent!
2023-02-28 21:46:19,710 [Worker-2] INFO  o.e.m.c.i.embedder.EclipseLogger - Copying 2 resources
